
ROM used:   2260/32768 (7%)
            2260/32768 (7%) including unused fragments

            0.8 Average locations per line
            3.9 Average locations per statement

RAM used:   43/2048 (2%) at main() level
            65/2048 (3%) worst case

Stack used: 6 worst case (5 in main + 1 for interrupts)
Stack size: 31

Lines Stmts  %   Files
----- ----- ---  -----
   56    29   5  Pac_Man.c
  837     0   0  D:\Program Files (x86)\PICC\Devices\18F4550.H
 1351   359  62  D:\Program Files (x86)\PICC\Drivers\stdlib.h
   32     0   0  D:\Program Files (x86)\PICC\Drivers\stddef.h
  423   125  22  D:\Program Files (x86)\PICC\Drivers\string.h
   28     0   0  D:\Program Files (x86)\PICC\Drivers\ctype.h
  181    63  11  Mi_LCD.c
----- -----
 2908   576 Total

Page ROM  %  RAM    Vol Diff  Functions:
---- --- --- ---    --- ----  ----------
0    242   5   11             @MULFF
0     56   1    2             @ITOF
0    348   8   14             @DIVFF
0     40   1    1   1121 10.1  @delay_ms1
0     20   0    0    179  3.3  @const904
0     56   1    3    463  4.3  lcd_read_byte
0     24   1    1    134  2.2  lcd_send_nibble
0     54   1    3    317  4.3  lcd_send_byte
0     78   2    2    422  4.7  lcd_init
0     34   1    4    186  5.5  lcd_gotoxy
0     66   1    1    272  4.1  lcd_putc
0     14   0    0     29  1.2  ext_isr
0    370   8    4    756  4.7  main
0     20   0    0    430  3.6  @const936
0     34   1    2    510 10.6  @PSTRINGC_924
0     20   0    0    422  3.6  @const942
0     30   1    3    422  3.6  @PSTRINGCN_924
0     64   1    5             @FTOSD
0    142   3   13             @DIV3232
0    378   8   13   1040  7.9  @PRINTF_L32D_924FPFPF
 Inline         0     80  3.0  @cinit1

Program metrics:
    Functions               16
    Statements              576
    Comments                988
    Volume (V)              11226
    Difficulty (D)          75.6
    Effort to implement (E) 848456
    Time to implement (T)   13 hours, 6 minutes
    Est Delivered Bugs (B)  3
    Cyclomatic Complexity   23
    Maintainability (MI)    59

 Segment     Used  Free
-----------  ----  ----
00000-00002     4  0  
00004-00006     0  4  
00008-000AC   166  0  
000AE-07FFE  2090  30504  



